ubuntu@ip-172-31-26-3:~$ mina client status
Mina daemon status
-----------------------------------

Max observed block height:              58954
Max observed unvalidated block height:  58954
Local uptime:                           5m51s
Chain id:                               5f704cc0c82e0ed70e873f0893d7e06f148524e3f0bdae2afb02e7819a0c24d1
Git SHA-1:                              a42bdeef6b0c15ee34616e4df76c882b0c5c7c2a
Configuration directory:                /home/ubuntu/.mina-config
Peers:                                  35
User_commands sent:                     0
SNARK worker:                           None
SNARK work fee:                         100000000
Sync status:                            Bootstrap
Block producers running:                1 (B62qjXq4mnYCJ1fFcPYAmx587o9zvaB9W1fGHffcchJC5G5BcTg9NEJ)
Consensus time now:                     epoch=11, slot=5068
Consensus mechanism:                    proof_of_stake
Consensus configuration:                
        Delta:                     0
        k:                         290
        Slots per epoch:           7140
        Slot duration:             3m
        Epoch duration:            14d21h
        Chain start timestamp:     2021-03-17 00:00:00.000000Z
        Acceptable network delay:  3m

Addresses and ports:                    
        External IP:    3.87.76.77
        Bind IP:        0.0.0.0
        Libp2p PeerID:  12D3KooWDyzpu32T7KMVv7E865ZLU3AG7cZbSNF4aLWvc6SDbKdz
        Libp2p port:    8302
        Client port:    8301